#
# There is insufficient memory for the Java Runtime Environment to continue.
# Native memory allocation (mmap) failed to map 266338304 bytes. Error detail: G1 virtual space
# Possible reasons:
#   The system is out of physical RAM or swap space
#   This process is running with CompressedOops enabled, and the Java Heap may be blocking the growth of the native heap
# Possible solutions:
#   Reduce memory load on the system
#   Increase physical memory or swap space
#   Check if swap backing store is full
#   Decrease Java heap size (-Xmx/-Xms)
#   Decrease number of Java threads
#   Decrease Java thread stack sizes (-Xss)
#   Set larger code cache with -XX:ReservedCodeCacheSize=
#   JVM is running with Zero Based Compressed Oops mode in which the Java heap is
#     placed in the first 32GB address space. The Java Heap base address is the
#     maximum limit for the native heap growth. Please use -XX:HeapBaseMinAddress
#     to set the Java Heap base and to place the Java Heap above 32GB virtual address.
# This output file may be truncated or incomplete.
#
#  Out of Memory Error (os_windows.cpp:3898), pid=5264, tid=12816
#
# JRE version:  (21.0.6+8) (build )
# Java VM: OpenJDK 64-Bit Server VM (21.0.6+8-b631.39, mixed mode, sharing, tiered, compressed oops, compressed class ptrs, g1 gc, windows-amd64)
# No core dump will be written. Minidumps are not enabled by default on client versions of Windows
#

---------------  S U M M A R Y ------------

Command Line: -Djava.io.tmpdir=C:\Users\Mutou\AppData\Local\JetBrains\Rider2024.3\tmp\statistics-uploader com.intellij.internal.statistic.uploader.EventLogUploader --ide-token C:\Users\Mutou\AppData\Local\JetBrains\Rider2024.3\token --recorders FUS;MP;IJ_MAP;ML --device-fus 27102413e34a849-673c-4909-b0ef-b178413ac056 --bucket-fus 81 --machine-fus 1240cb1c59c4fb957b924fb8410f765904405d88be035f9a8d501fd6d068c66a --id-revision-fus 0 --files-fus C:\Users\Mutou\AppData\Local\JetBrains\Rider2024.3\event-log-data\logs\FUS\9487-4464-a744-466e609aa05a-243.26053.56-release.log --escape-fus false --device-mp 27102417a5b8de3-f5f5-4b6f-aa99-f91f426b800c --bucket-mp 71 --machine-mp b014d209680136c4078bf60bab279aa1ae787fb2b56bc948e6bf25d2d56c3100 --id-revision-mp 0 --files-mp  --escape-mp false --device-ij_map 27102413e34a849-673c-4909-b0ef-b178413ac056 --bucket-ij_map 81 --machine-ij_map 1240cb1c59c4fb957b924fb8410f765904405d88be035f9a8d501fd6d068c66a --id-revision-ij_map 0 --files-ij_map C:\Users\Mutou\AppData\Local\JetBrains\Rider2024.3\event-log-data\logs\IJ_MAP\0083-4a91-8156-643300b72784-243.25659.34-release.log;C:\Users\Mutou\AppData\Local\JetBrains\Rider2024.3\event-log-data\logs\IJ_MAP\02c4-4203-a2bd-2f27e0d30720-243.26053.56-release.log;C:\Users\Mutou\AppData\Local\JetBrains\Rider2024.3\event-log-data\logs\IJ_MAP\04e5-43a9-b42c-2c3c7d4491eb-243.25659.34-release.log;C:\Users\Mutou\AppData\Local\JetBrains\Rider2024.3\event-log-data\logs\IJ_MAP\0dab-439e-bc1a-6b2fce4b6aee-243.25659.34-release.log;C:\Users\Mutou\AppData\Local\JetBrains\Rider2024.3\event-log-data\logs\IJ_MAP\10c4-4906-817f-1f7ea4cf5203-243.25659.34-release.log --escape-ij_map false --device-ml 27102413e34a849-673c-4909-b0ef-b178413ac056 --bucket-ml 81 --machine-ml 1240cb1c59c4fb957b924fb8410f765904405d88be035f9a8d501fd6d068c66a --id-revision-ml 0 --files-ml C:\Users\Mutou\AppData\Local\JetBrains\Rider2024.3\event-log-data\logs\ML\0bba-41e1-9f3b-bd83990d4f29-243.26053.56-release.log --escape-ml false --url https://resources.jetbrains.com/storage/fus/config/v4/%s/%s.json --product RD --product-version 2024.3.7 --baseline-version 243 --user-agent JetBrains Rider/243.26053.56 --extra-headers 

Host: Intel(R) Core(TM) i5-10210U CPU @ 1.60GHz, 8 cores, 15G,  Windows 10 , 64 bit Build 19041 (10.0.19041.3155)
Time: Sat Apr  5 21:20:48 2025  Windows 10 , 64 bit Build 19041 (10.0.19041.3155) elapsed time: 0.012940 seconds (0d 0h 0m 0s)

---------------  T H R E A D  ---------------

Current thread (0x000002111e749fd0):  JavaThread "Unknown thread" [_thread_in_vm, id=12816, stack(0x0000006a34900000,0x0000006a34a00000) (1024K)]

Stack: [0x0000006a34900000,0x0000006a34a00000]
Native frames: (J=compiled Java code, j=interpreted, Vv=VM code, C=native code)
V  [jvm.dll+0x6e5d39]
V  [jvm.dll+0x8c4133]
V  [jvm.dll+0x8c668e]
V  [jvm.dll+0x8c6d73]
V  [jvm.dll+0x288f76]
V  [jvm.dll+0x6e25f5]
V  [jvm.dll+0x6d60aa]
V  [jvm.dll+0x3635bb]
V  [jvm.dll+0x36b186]
V  [jvm.dll+0x3bd4b6]
V  [jvm.dll+0x3bd788]
V  [jvm.dll+0x335d2c]
V  [jvm.dll+0x336a1b]
V  [jvm.dll+0x88b589]
V  [jvm.dll+0x3ca688]
V  [jvm.dll+0x874698]
V  [jvm.dll+0x45f04e]
V  [jvm.dll+0x460d31]
C  [jli.dll+0x52ab]
C  [ucrtbase.dll+0x21bb2]
C  [KERNEL32.DLL+0x17614]
C  [ntdll.dll+0x526b1]


---------------  P R O C E S S  ---------------

Threads class SMR info:
_java_thread_list=0x00007ffdf52fa148, length=0, elements={
}

Java Threads: ( => current thread )
Total: 0

Other Threads:
  0x00000211209402f0 WorkerThread "GC Thread#0"                     [id=15768, stack(0x0000006a34a00000,0x0000006a34b00000) (1024K)]
  0x0000021120950f30 ConcurrentGCThread "G1 Main Marker"            [id=5088, stack(0x0000006a34b00000,0x0000006a34c00000) (1024K)]
  0x0000021120951940 WorkerThread "G1 Conc#0"                       [id=19844, stack(0x0000006a34c00000,0x0000006a34d00000) (1024K)]

[error occurred during error reporting (printing all threads), id 0xc0000005, EXCEPTION_ACCESS_VIOLATION (0xc0000005) at pc=0x00007ffdf49e8de7]
VM state: not at safepoint (not fully initialized)

VM Mutex/Monitor currently owned by a thread:  ([mutex/lock_event])
[0x00007ffdf536eb30] Heap_lock - owner thread: 0x000002111e749fd0

Heap address: 0x0000000702a00000, size: 4054 MB, Compressed Oops mode: Zero based, Oop shift amount: 3

CDS archive(s) mapped at: [0x0000000000000000-0x0000000000000000-0x0000000000000000), size 0, SharedBaseAddress: 0x0000000800000000, ArchiveRelocationMode: 1.
Narrow klass base: 0x0000000000000000, Narrow klass shift: 0, Narrow klass range: 0x0

GC Precious Log:
 CardTable entry size: 512
 Card Set container configuration: InlinePtr #cards 4 size 8 Array Of Cards #cards 16 size 48 Howl #buckets 8 coarsen threshold 3686 Howl Bitmap #cards 512 size 80 coarsen threshold 460 Card regions per heap region 1 cards per card region 4096

Heap:
 garbage-first heap   total 0K, used 0K [0x0000000702a00000, 0x0000000800000000)
  region size 2048K, 0 young (0K), 0 survivors (0K)
 Metaspace       used 0K, committed 0K, reserved 0K
  class space    used 0K, committed 0K, reserved 0K

Heap Regions: E=young(eden), S=young(survivor), O=old, HS=humongous(starts), HC=humongous(continues), CS=collection set, F=free, TAMS=top-at-mark-start, PB=parsable bottom

Card table byte_map: [0x00000211343a0000,0x0000021134b90000] _byte_map_base: 0x0000021130b8b000

Marking Bits: (CMBitMap*) 0x0000021120940900
 Bits: [0x0000021134b90000, 0x0000021138ae8000)

GC Heap History (0 events):
No events

Dll operation events (1 events):
Event: 0.009 Loaded shared library D:\Rider\jbr\bin\java.dll

Deoptimization events (0 events):
No events

Classes loaded (0 events):
No events

Classes unloaded (0 events):
No events

Classes redefined (0 events):
No events

Internal exceptions (0 events):
No events

ZGC Phase Switch (0 events):
No events

VM Operations (0 events):
No events

Memory protections (0 events):
No events

Nmethod flushes (0 events):
No events

Events (0 events):
No events


Dynamic libraries:
0x00007ff667ce0000 - 0x00007ff667cea000 	D:\Rider\jbr\bin\java.exe
0x00007ffe83870000 - 0x00007ffe83a68000 	C:\WINDOWS\SYSTEM32\ntdll.dll
0x00007ffe829e0000 - 0x00007ffe82a9f000 	C:\WINDOWS\System32\KERNEL32.DLL
0x00007ffe812a0000 - 0x00007ffe81596000 	C:\WINDOWS\System32\KERNELBASE.dll
0x00007ffe81600000 - 0x00007ffe81700000 	C:\WINDOWS\System32\ucrtbase.dll
0x00007ffe6ccd0000 - 0x00007ffe6cceb000 	D:\Rider\jbr\bin\VCRUNTIME140.dll
0x00007ffde8ac0000 - 0x00007ffde8ad8000 	D:\Rider\jbr\bin\jli.dll
0x00007ffe81940000 - 0x00007ffe81add000 	C:\WINDOWS\System32\USER32.dll
0x00007ffe815d0000 - 0x00007ffe815f2000 	C:\WINDOWS\System32\win32u.dll
0x00007ffe81ae0000 - 0x00007ffe81b0c000 	C:\WINDOWS\System32\GDI32.dll
0x00007ffe817b0000 - 0x00007ffe818c5000 	C:\WINDOWS\System32\gdi32full.dll
0x00007ffe810a0000 - 0x00007ffe8113d000 	C:\WINDOWS\System32\msvcp_win.dll
0x00007ffe6a6f0000 - 0x00007ffe6a98a000 	C:\WINDOWS\WinSxS\amd64_microsoft.windows.common-controls_6595b64144ccf1df_6.0.19041.1110_none_60b5254171f9507e\COMCTL32.dll
0x00007ffe83770000 - 0x00007ffe8380e000 	C:\WINDOWS\System32\msvcrt.dll
0x00007ffe81bd0000 - 0x00007ffe81c00000 	C:\WINDOWS\System32\IMM32.DLL
0x00007ffe7cb80000 - 0x00007ffe7cb8c000 	D:\Rider\jbr\bin\vcruntime140_1.dll
0x00007ffde8a30000 - 0x00007ffde8abd000 	D:\Rider\jbr\bin\msvcp140.dll
0x00007ffdf46a0000 - 0x00007ffdf5461000 	D:\Rider\jbr\bin\server\jvm.dll
0x00007ffe82450000 - 0x00007ffe824ff000 	C:\WINDOWS\System32\ADVAPI32.dll
0x00007ffe82220000 - 0x00007ffe822bc000 	C:\WINDOWS\System32\sechost.dll
0x00007ffe81d90000 - 0x00007ffe81eb6000 	C:\WINDOWS\System32\RPCRT4.dll
0x00007ffe82970000 - 0x00007ffe829db000 	C:\WINDOWS\System32\WS2_32.dll
0x00007ffe80500000 - 0x00007ffe8054b000 	C:\WINDOWS\SYSTEM32\POWRPROF.dll
0x00007ffe6dbf0000 - 0x00007ffe6dc17000 	C:\WINDOWS\SYSTEM32\WINMM.dll
0x00007ffe7ab90000 - 0x00007ffe7ab9a000 	C:\WINDOWS\SYSTEM32\VERSION.dll
0x00007ffe80370000 - 0x00007ffe80382000 	C:\WINDOWS\SYSTEM32\UMPDC.dll
0x00007ffe7ee00000 - 0x00007ffe7ee12000 	C:\WINDOWS\SYSTEM32\kernel.appcore.dll
0x00007ffe7cb40000 - 0x00007ffe7cb4a000 	D:\Rider\jbr\bin\jimage.dll
0x00007ffe76290000 - 0x00007ffe76474000 	C:\WINDOWS\SYSTEM32\DBGHELP.DLL
0x00007ffe64a60000 - 0x00007ffe64a94000 	C:\WINDOWS\SYSTEM32\dbgcore.DLL
0x00007ffe81010000 - 0x00007ffe81092000 	C:\WINDOWS\System32\bcryptPrimitives.dll
0x00007ffe6ae50000 - 0x00007ffe6ae70000 	D:\Rider\jbr\bin\java.dll

dbghelp: loaded successfully - version: 4.0.5 - missing functions: none
symbol engine: initialized successfully - sym options: 0x614 - pdb path: .;D:\Rider\jbr\bin;C:\WINDOWS\SYSTEM32;C:\WINDOWS\WinSxS\amd64_microsoft.windows.common-controls_6595b64144ccf1df_6.0.19041.1110_none_60b5254171f9507e;D:\Rider\jbr\bin\server

VM Arguments:
jvm_args: -Djava.io.tmpdir=C:\Users\Mutou\AppData\Local\JetBrains\Rider2024.3\tmp\statistics-uploader 
java_command: com.intellij.internal.statistic.uploader.EventLogUploader --ide-token C:\Users\Mutou\AppData\Local\JetBrains\Rider2024.3\token --recorders FUS;MP;IJ_MAP;ML --device-fus 27102413e34a849-673c-4909-b0ef-b178413ac056 --bucket-fus 81 --machine-fus 1240cb1c59c4fb957b924fb8410f765904405d88be035f9a8d501fd6d068c66a --id-revision-fus 0 --files-fus C:\Users\Mutou\AppData\Local\JetBrains\Rider2024.3\event-log-data\logs\FUS\9487-4464-a744-466e609aa05a-243.26053.56-release.log --escape-fus false --device-mp 27102417a5b8de3-f5f5-4b6f-aa99-f91f426b800c --bucket-mp 71 --machine-mp b014d209680136c4078bf60bab279aa1ae787fb2b56bc948e6bf25d2d56c3100 --id-revision-mp 0 --files-mp  --escape-mp false --device-ij_map 27102413e34a849-673c-4909-b0ef-b178413ac056 --bucket-ij_map 81 --machine-ij_map 1240cb1c59c4fb957b924fb8410f765904405d88be035f9a8d501fd6d068c66a --id-revision-ij_map 0 --files-ij_map C:\Users\Mutou\AppData\Local\JetBrains\Rider2024.3\event-log-data\logs\IJ_MAP\0083-4a91-8156-643300b72784-243.25659.34-release.log;C:\Users\Mutou\AppData\Local\JetBrains\Rider2024.3\event-log-data\logs\IJ_MAP\02c4-4203-a2bd-2f27e0d30720-243.26053.56-release.log;C:\Users\Mutou\AppData\Local\JetBrains\Rider2024.3\event-log-data\logs\IJ_MAP\04e5-43a9-b42c-2c3c7d4491eb-243.25659.34-release.log;C:\Users\Mutou\AppData\Local\JetBrains\Rider2024.3\event-log-data\logs\IJ_MAP\0dab-439e-bc1a-6b2fce4b6aee-243.25659.34-release.log;C:\Users\Mutou\AppData\Local\JetBrains\Rider2024.3\event-log-data\logs\IJ_MAP\10c4-4906-817f-1f7ea4cf5203-243.25659.34-release.log --escape-ij_map false --device-ml 27102413e34a849-673c-4909-b0ef-b178413ac056 --bucket-ml 81 --machine-ml 1240cb1c59c4fb957b924fb8410f765904405d88be035f9a8d501fd6d068c66a --id-revision-ml 0 --files-ml C:\Users\Mutou\AppData\Local\JetBrains\Rider2024.3\event-log-data\logs\ML\0bba-41e1-9f3b-bd83990d4f29-243.26053.56-release.log --escape-ml false --url https://resources.jetbrains.com/storage/fus/config/v4/%s/%s.json --product RD --product-versi
java_class_path (initial): D:\Rider\lib\util-8.jar;D:\Rider\lib\annotations.jar;D:\Rider\lib\lib-client.jar;D:\Rider\lib\stats.jar
Launcher Type: SUN_STANDARD

[Global flags]
     intx CICompilerCount                          = 4                                         {product} {ergonomic}
     uint ConcGCThreads                            = 2                                         {product} {ergonomic}
     uint G1ConcRefinementThreads                  = 8                                         {product} {ergonomic}
   size_t G1HeapRegionSize                         = 2097152                                   {product} {ergonomic}
    uintx GCDrainStackTargetSize                   = 64                                        {product} {ergonomic}
   size_t InitialHeapSize                          = 266338304                                 {product} {ergonomic}
   size_t MarkStackSize                            = 4194304                                   {product} {ergonomic}
   size_t MaxHeapSize                              = 4250927104                                {product} {ergonomic}
   size_t MinHeapDeltaBytes                        = 2097152                                   {product} {ergonomic}
   size_t MinHeapSize                              = 8388608                                   {product} {ergonomic}
    uintx NonNMethodCodeHeapSize                   = 5839372                                {pd product} {ergonomic}
    uintx NonProfiledCodeHeapSize                  = 122909434                              {pd product} {ergonomic}
    uintx ProfiledCodeHeapSize                     = 122909434                              {pd product} {ergonomic}
    uintx ReservedCodeCacheSize                    = 251658240                              {pd product} {ergonomic}
     bool SegmentedCodeCache                       = true                                      {product} {ergonomic}
   size_t SoftMaxHeapSize                          = 4250927104                             {manageable} {ergonomic}
     bool UseCompressedOops                        = true                           {product lp64_product} {ergonomic}
     bool UseG1GC                                  = true                                      {product} {ergonomic}
     bool UseLargePagesIndividualAllocation        = false                                  {pd product} {ergonomic}

Logging:
Log output configuration:
 #0: stdout all=warning uptime,level,tags foldmultilines=false
 #1: stderr all=off uptime,level,tags foldmultilines=false

Environment Variables:
JAVA_HOME=D:\Java
CLASSPATH=.;D:\Java\lib;D:\Java\lib\dt.jar;D:\Java\lib\tools.jar
PATH=D:\Java\bin;D:\Java\jre\bin;C:\Windows\system32;C:\Windows;C:\Windows\System32\Wbem;C:\Windows\System32\WindowsPowerShell\v1.0\;C:\Windows\System32\OpenSSH\;C:\WINDOWS\system32;C:\WINDOWS;C:\WINDOWS\System32\Wbem;C:\WINDOWS\System32\WindowsPowerShell\v1.0\;C:\WINDOWS\System32\OpenSSH\;C:\Program Files\Microsoft SQL Server\150\Tools\Binn\;C:\Program Files\Microsoft SQL Server\Client SDK\ODBC\170\Tools\Binn\;C:\Program Files (x86)\NVIDIA Corporation\PhysX\Common;D:\Microsoft Visual Studio\2022\Community\Common7\IDE\CommonExtensions\Microsoft\TeamFoundation\Team Explorer\Git\cmd;C:\Program Files\dotnet\dotnet.exe;C:\Windows\Microsoft.NET\Framework64\v4.0.30319;D:\Microsoft Visual Studio\2022\Community\VC\Tools\Llvm\bin;D:\Microsoft Visual Studio\2022\Community\VC\Tools\MSVC\14.37.32822\bin\Hostx64\x64;D:\Python;D:\Python\Scripts;D:\010 Editor;D:\NodeJs\node_modules\corepack\shims;D:\NodeJs\;D:\Mysql\bin;D:\PHP;D:\Microsoft Visual Studio\2022\Community\MSBuild\Current\Bin\Roslyn;C:\Program Files\dotnet\;D:\Unity\2022.3.20f1c1\Editor\Data\NetCoreRuntime;E:\Git\cmd;E:\PowerShell 7\7\;C:\Program Files\MySQL\MySQL Shell 8.0\bin\;D:\Microsoft VS Code\bin;C:\Users\Mutou\AppData\Roaming\npm;C:\Users\Mutou\.dotnet\tools;D:\Rider\bin;D:\WebStorm\bin;C:\Users\Mutou\AppData\Local\JetBrains\Toolbox\scripts;C:\Users\Mutou\AppData\Local\Microsoft\WindowsApps
USERNAME=Mutou
OS=Windows_NT
PROCESSOR_IDENTIFIER=Intel64 Family 6 Model 142 Stepping 12, GenuineIntel
TMP=C:\Users\Mutou\AppData\Local\Temp
TEMP=C:\Users\Mutou\AppData\Local\Temp




Periodic native trim disabled

JNI global refs:
JNI global refs: 0, weak refs: 0

JNI global refs memory usage: 0, weak refs: 0

Process memory usage:
Resident Set Size: 11488K (0% of 16601588K total physical memory with 589216K free physical memory)

OOME stack traces (most recent first):
Classloader memory used:

---------------  S Y S T E M  ---------------

OS:
 Windows 10 , 64 bit Build 19041 (10.0.19041.3155)
OS uptime: 2 days 0:34 hours

CPU: total 8 (initial active 8) (4 cores per cpu, 2 threads per core) family 6 model 142 stepping 12 microcode 0xde, cx8, cmov, fxsr, ht, mmx, 3dnowpref, sse, sse2, sse3, ssse3, sse4.1, sse4.2, popcnt, lzcnt, tsc, tscinvbit, avx, avx2, aes, erms, clmul, bmi1, bmi2, adx, fma, vzeroupper, clflush, clflushopt, rdtscp, f16c
Processor Information for the first 8 processors :
  Max Mhz: 2112, Current Mhz: 1609, Mhz Limit: 1605

Memory: 4k page, system-wide physical 16212M (574M free)
TotalPageFile size 32807M (AvailPageFile size 57M)
current process WorkingSet (physical memory assigned to process): 11M, peak: 11M
current process commit charge ("private bytes"): 60M, peak: 314M

vm_info: OpenJDK 64-Bit Server VM (21.0.6+8-b631.39) for windows-amd64 JRE (21.0.6+8-b631.39), built on 2025-02-04 by "builduser" with MS VC++ 16.10 / 16.11 (VS2019)

END.
